<?xml version="1.0" encoding="UTF-8"?>
<testsuite name="com.kyf.knowyourfood.domain.AllergyEngineTest" tests="5" skipped="0" failures="0" errors="0" timestamp="2026-08-24T12:38:37" hostname="WINDOWS-QUORLUM" time="0.089">
  <properties/>
  <testcase name="testAlphaGalRedMeatDetection" classname="com.kyf.knowyourfood.domain.AllergyEngineTest" time="0.081"/>
  <testcase name="testCeliacGlutenDetection" classname="com.kyf.knowyourfood.domain.AllergyEngineTest" time="0.0"/>
  <testcase name="testBirchPollenCrossReactivity" classname="com.kyf.knowyourfood.domain.AllergyEngineTest" time="0.003"/>
  <testcase name="testChildSugarGuardrail" classname="com.kyf.knowyourfood.domain.AllergyEngineTest" time="0.002"/>
  <testcase name="testDirectPeanutAllergyConflict" classname="com.kyf.knowyourfood.domain.AllergyEngineTest" time="0.001"/>
  <system-out><![CDATA[]]></system-out>
  <system-err><![CDATA[]]></system-err>
</testsuite>
