<?xml version="1.0" encoding="UTF-8"?>
<testsuite name="com.kyf.knowyourfood.domain.SafetyRecommendationEngineTest" tests="2" skipped="0" failures="0" errors="0" timestamp="2026-08-24T12:38:37" hostname="WINDOWS-QUORLUM" time="0.001">
  <properties/>
  <testcase name="testNutriScoreComputation" classname="com.kyf.knowyourfood.domain.SafetyRecommendationEngineTest" time="0.001"/>
  <testcase name="testUKFrontOfPackTrafficLights" classname="com.kyf.knowyourfood.domain.SafetyRecommendationEngineTest" time="0.0"/>
  <system-out><![CDATA[]]></system-out>
  <system-err><![CDATA[]]></system-err>
</testsuite>
